2024-07-15 21:51:35,571 INFO     Starting server at tcp:port=8000:interface=127.0.0.1
2024-07-15 21:51:35,571 INFO     HTTP/2 support not enabled (install the http2 and tls Twisted extras)
2024-07-15 21:51:35,572 INFO     Configuring endpoint tcp:port=8000:interface=127.0.0.1
2024-07-15 21:51:35,573 INFO     HTTPFactory starting on 8000
2024-07-15 21:51:35,573 INFO     Starting factory <daphne.http_protocol.HTTPFactory object at 0x7f7c3ca208b0>
2024-07-15 21:51:35,574 INFO     Listening on TCP address 127.0.0.1:8000
Starting server at tcp:port=8001:interface=127.0.0.1
HTTP/2 support not enabled (install the http2 and tls Twisted extras)
Configuring endpoint tcp:port=8001:interface=127.0.0.1
Listening on TCP address 127.0.0.1:8001
CREATE TABLE "django_migrations" ("id" integer NOT NULL PRIMARY KEY AUTOINCREMENT, "app" varchar(255) NOT NULL, "name" varchar(255) NOT NULL, "applied" datetime NOT NULL); (params None)
CREATE TABLE "django_content_type" ("id" integer NOT NULL PRIMARY KEY AUTOINCREMENT, "name" varchar(100) NOT NULL, "app_label" varchar(100) NOT NULL, "model" varchar(100) NOT NULL); (params None)
CREATE UNIQUE INDEX "django_content_type_app_label_model_76bd3d3b_uniq" ON "django_content_type" ("app_label", "model"); (params ())
CREATE TABLE "auth_permission" ("id" integer NOT NULL PRIMARY KEY AUTOINCREMENT, "name" varchar(50) NOT NULL, "content_type_id" integer NOT NULL REFERENCES "django_content_type" ("id") DEFERRABLE INITIALLY DEFERRED, "codename" varchar(100) NOT NULL); (params None)
CREATE TABLE "auth_group" ("id" integer NOT NULL PRIMARY KEY AUTOINCREMENT, "name" varchar(80) NOT NULL UNIQUE); (params None)
CREATE TABLE "auth_group_permissions" ("id" integer NOT NULL PRIMARY KEY AUTOINCREMENT, "group_id" integer NOT NULL REFERENCES "auth_group" ("id") DEFERRABLE INITIALLY DEFERRED, "permission_id" integer NOT NULL REFERENCES "auth_permission" ("id") DEFERRABLE INITIALLY DEFERRED); (params None)
CREATE TABLE "auth_user" ("id" integer NOT NULL PRIMARY KEY AUTOINCREMENT, "password" varchar(128) NOT NULL, "last_login" datetime NOT NULL, "is_superuser" bool NOT NULL, "username" varchar(30) NOT NULL UNIQUE, "first_name" varchar(30) NOT NULL, "last_name" varchar(30) NOT NULL, "email" varchar(75) NOT NULL, "is_staff" bool NOT NULL, "is_active" bool NOT NULL, "date_joined" datetime NOT NULL); (params None)
CREATE TABLE "auth_user_groups" ("id" integer NOT NULL PRIMARY KEY AUTOINCREMENT, "user_id" integer NOT NULL REFERENCES "auth_user" ("id") DEFERRABLE INITIALLY DEFERRED, "group_id" integer NOT NULL REFERENCES "auth_group" ("id") DEFERRABLE INITIALLY DEFERRED); (params None)
CREATE TABLE "auth_user_user_permissions" ("id" integer NOT NULL PRIMARY KEY AUTOINCREMENT, "user_id" integer NOT NULL REFERENCES "auth_user" ("id") DEFERRABLE INITIALLY DEFERRED, "permission_id" integer NOT NULL REFERENCES "auth_permission" ("id") DEFERRABLE INITIALLY DEFERRED); (params None)
CREATE UNIQUE INDEX "auth_permission_content_type_id_codename_01ab375a_uniq" ON "auth_permission" ("content_type_id", "codename"); (params ())
CREATE INDEX "auth_permission_content_type_id_2f476e4b" ON "auth_permission" ("content_type_id"); (params ())
CREATE UNIQUE INDEX "auth_group_permissions_group_id_permission_id_0cd325b0_uniq" ON "auth_group_permissions" ("group_id", "permission_id"); (params ())
CREATE INDEX "auth_group_permissions_group_id_b120cbf9" ON "auth_group_permissions" ("group_id"); (params ())
CREATE INDEX "auth_group_permissions_permission_id_84c5c92e" ON "auth_group_permissions" ("permission_id"); (params ())
CREATE UNIQUE INDEX "auth_user_groups_user_id_group_id_94350c0c_uniq" ON "auth_user_groups" ("user_id", "group_id"); (params ())
CREATE INDEX "auth_user_groups_user_id_6a12ed8b" ON "auth_user_groups" ("user_id"); (params ())
CREATE INDEX "auth_user_groups_group_id_97559544" ON "auth_user_groups" ("group_id"); (params ())
CREATE UNIQUE INDEX "auth_user_user_permissions_user_id_permission_id_14a6b632_uniq" ON "auth_user_user_permissions" ("user_id", "permission_id"); (params ())
CREATE INDEX "auth_user_user_permissions_user_id_a95ead1b" ON "auth_user_user_permissions" ("user_id"); (params ())
CREATE INDEX "auth_user_user_permissions_permission_id_1fbb5f2c" ON "auth_user_user_permissions" ("permission_id"); (params ())
CREATE TABLE "account_emailaddress" ("id" integer NOT NULL PRIMARY KEY AUTOINCREMENT, "email" varchar(75) NOT NULL UNIQUE, "verified" bool NOT NULL, "primary" bool NOT NULL, "user_id" integer NOT NULL REFERENCES "auth_user" ("id") DEFERRABLE INITIALLY DEFERRED); (params None)
CREATE TABLE "account_emailconfirmation" ("id" integer NOT NULL PRIMARY KEY AUTOINCREMENT, "created" datetime NOT NULL, "sent" datetime NULL, "key" varchar(64) NOT NULL UNIQUE, "email_address_id" integer NOT NULL REFERENCES "account_emailaddress" ("id") DEFERRABLE INITIALLY DEFERRED); (params None)
CREATE INDEX "account_emailaddress_user_id_2c513194" ON "account_emailaddress" ("user_id"); (params ())
CREATE INDEX "account_emailconfirmation_email_address_id_5b7f8c58" ON "account_emailconfirmation" ("email_address_id"); (params ())
CREATE TABLE "new__account_emailaddress" ("id" integer NOT NULL PRIMARY KEY AUTOINCREMENT, "verified" bool NOT NULL, "primary" bool NOT NULL, "user_id" integer NOT NULL REFERENCES "auth_user" ("id") DEFERRABLE INITIALLY DEFERRED, "email" varchar(254) NOT NULL UNIQUE); (params None)
INSERT INTO "new__account_emailaddress" ("id", "verified", "primary", "user_id", "email") SELECT "id", "verified", "primary", "user_id", "email" FROM "account_emailaddress"; (params ())
DROP TABLE "account_emailaddress"; (params ())
ALTER TABLE "new__account_emailaddress" RENAME TO "account_emailaddress"; (params ())
CREATE INDEX "account_emailaddress_user_id_2c513194" ON "account_emailaddress" ("user_id"); (params ())
CREATE UNIQUE INDEX "account_emailaddress_user_id_email_987c8728_uniq" ON "account_emailaddress" ("user_id", "email"); (params ())
CREATE UNIQUE INDEX "unique_verified_email" ON "account_emailaddress" ("email") WHERE "verified"; (params None)
CREATE TABLE "new__account_emailaddress" ("id" integer NOT NULL PRIMARY KEY AUTOINCREMENT, "verified" bool NOT NULL, "primary" bool NOT NULL, "user_id" integer NOT NULL REFERENCES "auth_user" ("id") DEFERRABLE INITIALLY DEFERRED, "email" varchar(254) NOT NULL); (params None)
INSERT INTO "new__account_emailaddress" ("id", "verified", "primary", "user_id", "email") SELECT "id", "verified", "primary", "user_id", "email" FROM "account_emailaddress"; (params ())
DROP TABLE "account_emailaddress"; (params ())
ALTER TABLE "new__account_emailaddress" RENAME TO "account_emailaddress"; (params ())
CREATE UNIQUE INDEX "account_emailaddress_user_id_email_987c8728_uniq" ON "account_emailaddress" ("user_id", "email"); (params ())
CREATE UNIQUE INDEX "unique_verified_email" ON "account_emailaddress" ("email") WHERE "verified"; (params ())
CREATE INDEX "account_emailaddress_user_id_2c513194" ON "account_emailaddress" ("user_id"); (params ())
CREATE INDEX "account_emailaddress_upper" ON "account_emailaddress" ((UPPER("email"))); (params None)
DROP INDEX "account_emailaddress_upper"; (params ())
CREATE TABLE "new__account_emailaddress" ("id" integer NOT NULL PRIMARY KEY AUTOINCREMENT, "verified" bool NOT NULL, "primary" bool NOT NULL, "user_id" integer NOT NULL REFERENCES "auth_user" ("id") DEFERRABLE INITIALLY DEFERRED, "email" varchar(254) NOT NULL); (params None)
INSERT INTO "new__account_emailaddress" ("id", "verified", "primary", "user_id", "email") SELECT "id", "verified", "primary", "user_id", "email" FROM "account_emailaddress"; (params ())
DROP TABLE "account_emailaddress"; (params ())
ALTER TABLE "new__account_emailaddress" RENAME TO "account_emailaddress"; (params ())
CREATE UNIQUE INDEX "account_emailaddress_user_id_email_987c8728_uniq" ON "account_emailaddress" ("user_id", "email"); (params ())
CREATE UNIQUE INDEX "unique_verified_email" ON "account_emailaddress" ("email") WHERE "verified"; (params ())
CREATE INDEX "account_emailaddress_user_id_2c513194" ON "account_emailaddress" ("user_id"); (params ())
CREATE INDEX "account_emailaddress_email_03be32b2" ON "account_emailaddress" ("email"); (params ())
CREATE UNIQUE INDEX "unique_primary_email" ON "account_emailaddress" ("user_id", "primary") WHERE "primary"; (params None)
CREATE TABLE "django_admin_log" ("id" integer NOT NULL PRIMARY KEY AUTOINCREMENT, "action_time" datetime NOT NULL, "object_id" text NULL, "object_repr" varchar(200) NOT NULL, "action_flag" smallint unsigned NOT NULL CHECK ("action_flag" >= 0), "change_message" text NOT NULL, "content_type_id" integer NULL REFERENCES "django_content_type" ("id") DEFERRABLE INITIALLY DEFERRED, "user_id" integer NOT NULL REFERENCES "auth_user" ("id") DEFERRABLE INITIALLY DEFERRED); (params None)
CREATE INDEX "django_admin_log_content_type_id_c4bce8eb" ON "django_admin_log" ("content_type_id"); (params ())
CREATE INDEX "django_admin_log_user_id_c564eba6" ON "django_admin_log" ("user_id"); (params ())
CREATE TABLE "new__django_admin_log" ("id" integer NOT NULL PRIMARY KEY AUTOINCREMENT, "object_id" text NULL, "object_repr" varchar(200) NOT NULL, "action_flag" smallint unsigned NOT NULL CHECK ("action_flag" >= 0), "change_message" text NOT NULL, "content_type_id" integer NULL REFERENCES "django_content_type" ("id") DEFERRABLE INITIALLY DEFERRED, "user_id" integer NOT NULL REFERENCES "auth_user" ("id") DEFERRABLE INITIALLY DEFERRED, "action_time" datetime NOT NULL); (params None)
INSERT INTO "new__django_admin_log" ("id", "object_id", "object_repr", "action_flag", "change_message", "content_type_id", "user_id", "action_time") SELECT "id", "object_id", "object_repr", "action_flag", "change_message", "content_type_id", "user_id", "action_time" FROM "django_admin_log"; (params ())
DROP TABLE "django_admin_log"; (params ())
ALTER TABLE "new__django_admin_log" RENAME TO "django_admin_log"; (params ())
CREATE INDEX "django_admin_log_content_type_id_c4bce8eb" ON "django_admin_log" ("content_type_id"); (params ())
CREATE INDEX "django_admin_log_user_id_c564eba6" ON "django_admin_log" ("user_id"); (params ())
CREATE TABLE "new__django_content_type" ("id" integer NOT NULL PRIMARY KEY AUTOINCREMENT, "app_label" varchar(100) NOT NULL, "model" varchar(100) NOT NULL, "name" varchar(100) NULL); (params None)
INSERT INTO "new__django_content_type" ("id", "app_label", "model", "name") SELECT "id", "app_label", "model", "name" FROM "django_content_type"; (params ())
DROP TABLE "django_content_type"; (params ())
ALTER TABLE "new__django_content_type" RENAME TO "django_content_type"; (params ())
CREATE UNIQUE INDEX "django_content_type_app_label_model_76bd3d3b_uniq" ON "django_content_type" ("app_label", "model"); (params ())
ALTER TABLE "django_content_type" DROP COLUMN "name"; (params ())
CREATE TABLE "new__auth_permission" ("id" integer NOT NULL PRIMARY KEY AUTOINCREMENT, "content_type_id" integer NOT NULL REFERENCES "django_content_type" ("id") DEFERRABLE INITIALLY DEFERRED, "codename" varchar(100) NOT NULL, "name" varchar(255) NOT NULL); (params None)
INSERT INTO "new__auth_permission" ("id", "content_type_id", "codename", "name") SELECT "id", "content_type_id", "codename", "name" FROM "auth_permission"; (params ())
DROP TABLE "auth_permission"; (params ())
ALTER TABLE "new__auth_permission" RENAME TO "auth_permission"; (params ())
CREATE UNIQUE INDEX "auth_permission_content_type_id_codename_01ab375a_uniq" ON "auth_permission" ("content_type_id", "codename"); (params ())
CREATE INDEX "auth_permission_content_type_id_2f476e4b" ON "auth_permission" ("content_type_id"); (params ())
CREATE TABLE "new__auth_user" ("id" integer NOT NULL PRIMARY KEY AUTOINCREMENT, "password" varchar(128) NOT NULL, "last_login" datetime NOT NULL, "is_superuser" bool NOT NULL, "username" varchar(30) NOT NULL UNIQUE, "first_name" varchar(30) NOT NULL, "last_name" varchar(30) NOT NULL, "is_staff" bool NOT NULL, "is_active" bool NOT NULL, "date_joined" datetime NOT NULL, "email" varchar(254) NOT NULL); (params None)
INSERT INTO "new__auth_user" ("id", "password", "last_login", "is_superuser", "username", "first_name", "last_name", "is_staff", "is_active", "date_joined", "email") SELECT "id", "password", "last_login", "is_superuser", "username", "first_name", "last_name", "is_staff", "is_active", "date_joined", "email" FROM "auth_user"; (params ())
DROP TABLE "auth_user"; (params ())
ALTER TABLE "new__auth_user" RENAME TO "auth_user"; (params ())
CREATE TABLE "new__auth_user" ("id" integer NOT NULL PRIMARY KEY AUTOINCREMENT, "password" varchar(128) NOT NULL, "is_superuser" bool NOT NULL, "username" varchar(30) NOT NULL UNIQUE, "first_name" varchar(30) NOT NULL, "last_name" varchar(30) NOT NULL, "email" varchar(254) NOT NULL, "is_staff" bool NOT NULL, "is_active" bool NOT NULL, "date_joined" datetime NOT NULL, "last_login" datetime NULL); (params None)
INSERT INTO "new__auth_user" ("id", "password", "is_superuser", "username", "first_name", "last_name", "email", "is_staff", "is_active", "date_joined", "last_login") SELECT "id", "password", "is_superuser", "username", "first_name", "last_name", "email", "is_staff", "is_active", "date_joined", "last_login" FROM "auth_user"; (params ())
DROP TABLE "auth_user"; (params ())
ALTER TABLE "new__auth_user" RENAME TO "auth_user"; (params ())
CREATE TABLE "new__auth_user" ("id" integer NOT NULL PRIMARY KEY AUTOINCREMENT, "password" varchar(128) NOT NULL, "last_login" datetime NULL, "is_superuser" bool NOT NULL, "first_name" varchar(30) NOT NULL, "last_name" varchar(30) NOT NULL, "email" varchar(254) NOT NULL, "is_staff" bool NOT NULL, "is_active" bool NOT NULL, "date_joined" datetime NOT NULL, "username" varchar(150) NOT NULL UNIQUE); (params None)
INSERT INTO "new__auth_user" ("id", "password", "last_login", "is_superuser", "first_name", "last_name", "email", "is_staff", "is_active", "date_joined", "username") SELECT "id", "password", "last_login", "is_superuser", "first_name", "last_name", "email", "is_staff", "is_active", "date_joined", "username" FROM "auth_user"; (params ())
DROP TABLE "auth_user"; (params ())
ALTER TABLE "new__auth_user" RENAME TO "auth_user"; (params ())
CREATE TABLE "new__auth_user" ("id" integer NOT NULL PRIMARY KEY AUTOINCREMENT, "password" varchar(128) NOT NULL, "last_login" datetime NULL, "is_superuser" bool NOT NULL, "username" varchar(150) NOT NULL UNIQUE, "first_name" varchar(30) NOT NULL, "email" varchar(254) NOT NULL, "is_staff" bool NOT NULL, "is_active" bool NOT NULL, "date_joined" datetime NOT NULL, "last_name" varchar(150) NOT NULL); (params None)
INSERT INTO "new__auth_user" ("id", "password", "last_login", "is_superuser", "username", "first_name", "email", "is_staff", "is_active", "date_joined", "last_name") SELECT "id", "password", "last_login", "is_superuser", "username", "first_name", "email", "is_staff", "is_active", "date_joined", "last_name" FROM "auth_user"; (params ())
DROP TABLE "auth_user"; (params ())
ALTER TABLE "new__auth_user" RENAME TO "auth_user"; (params ())
CREATE TABLE "new__auth_group" ("id" integer NOT NULL PRIMARY KEY AUTOINCREMENT, "name" varchar(150) NOT NULL UNIQUE); (params None)
INSERT INTO "new__auth_group" ("id", "name") SELECT "id", "name" FROM "auth_group"; (params ())
DROP TABLE "auth_group"; (params ())
ALTER TABLE "new__auth_group" RENAME TO "auth_group"; (params ())
CREATE TABLE "new__auth_user" ("id" integer NOT NULL PRIMARY KEY AUTOINCREMENT, "password" varchar(128) NOT NULL, "last_login" datetime NULL, "is_superuser" bool NOT NULL, "username" varchar(150) NOT NULL UNIQUE, "last_name" varchar(150) NOT NULL, "email" varchar(254) NOT NULL, "is_staff" bool NOT NULL, "is_active" bool NOT NULL, "date_joined" datetime NOT NULL, "first_name" varchar(150) NOT NULL); (params None)
INSERT INTO "new__auth_user" ("id", "password", "last_login", "is_superuser", "username", "last_name", "email", "is_staff", "is_active", "date_joined", "first_name") SELECT "id", "password", "last_login", "is_superuser", "username", "last_name", "email", "is_staff", "is_active", "date_joined", "first_name" FROM "auth_user"; (params ())
DROP TABLE "auth_user"; (params ())
ALTER TABLE "new__auth_user" RENAME TO "auth_user"; (params ())
CREATE TABLE "django_session" ("session_key" varchar(40) NOT NULL PRIMARY KEY, "session_data" text NOT NULL, "expire_date" datetime NOT NULL); (params None)
CREATE INDEX "django_session_expire_date_a5c62663" ON "django_session" ("expire_date"); (params ())
CREATE TABLE "socialaccount_socialaccount" ("id" integer NOT NULL PRIMARY KEY AUTOINCREMENT, "provider" varchar(30) NOT NULL, "uid" varchar(191) NOT NULL, "last_login" datetime NOT NULL, "date_joined" datetime NOT NULL, "extra_data" text NOT NULL, "user_id" integer NOT NULL REFERENCES "auth_user" ("id") DEFERRABLE INITIALLY DEFERRED); (params None)
CREATE TABLE "socialaccount_socialapp" ("id" integer NOT NULL PRIMARY KEY AUTOINCREMENT, "provider" varchar(30) NOT NULL, "name" varchar(40) NOT NULL, "client_id" varchar(100) NOT NULL, "secret" varchar(100) NOT NULL, "key" varchar(100) NOT NULL); (params None)
CREATE TABLE "socialaccount_socialtoken" ("id" integer NOT NULL PRIMARY KEY AUTOINCREMENT, "token" text NOT NULL, "token_secret" text NOT NULL, "expires_at" datetime NULL, "account_id" integer NOT NULL REFERENCES "socialaccount_socialaccount" ("id") DEFERRABLE INITIALLY DEFERRED, "app_id" integer NOT NULL REFERENCES "socialaccount_socialapp" ("id") DEFERRABLE INITIALLY DEFERRED); (params None)
CREATE UNIQUE INDEX "socialaccount_socialtoken_app_id_account_id_fca4e0ac_uniq" ON "socialaccount_socialtoken" ("app_id", "account_id"); (params ())
CREATE UNIQUE INDEX "socialaccount_socialaccount_provider_uid_fc810c6e_uniq" ON "socialaccount_socialaccount" ("provider", "uid"); (params ())
CREATE INDEX "socialaccount_socialaccount_user_id_8146e70c" ON "socialaccount_socialaccount" ("user_id"); (params ())
CREATE INDEX "socialaccount_socialtoken_account_id_951f210e" ON "socialaccount_socialtoken" ("account_id"); (params ())
CREATE INDEX "socialaccount_socialtoken_app_id_636a42d7" ON "socialaccount_socialtoken" ("app_id"); (params ())
CREATE TABLE "new__socialaccount_socialapp" ("id" integer NOT NULL PRIMARY KEY AUTOINCREMENT, "provider" varchar(30) NOT NULL, "name" varchar(40) NOT NULL, "secret" varchar(100) NOT NULL, "key" varchar(100) NOT NULL, "client_id" varchar(191) NOT NULL); (params None)
INSERT INTO "new__socialaccount_socialapp" ("id", "provider", "name", "secret", "key", "client_id") SELECT "id", "provider", "name", "secret", "key", "client_id" FROM "socialaccount_socialapp"; (params ())
DROP TABLE "socialaccount_socialapp"; (params ())
ALTER TABLE "new__socialaccount_socialapp" RENAME TO "socialaccount_socialapp"; (params ())
CREATE TABLE "new__socialaccount_socialapp" ("id" integer NOT NULL PRIMARY KEY AUTOINCREMENT, "provider" varchar(30) NOT NULL, "name" varchar(40) NOT NULL, "client_id" varchar(191) NOT NULL, "secret" varchar(100) NOT NULL, "key" varchar(191) NOT NULL); (params None)
INSERT INTO "new__socialaccount_socialapp" ("id", "provider", "name", "client_id", "secret", "key") SELECT "id", "provider", "name", "client_id", "secret", "key" FROM "socialaccount_socialapp"; (params ())
DROP TABLE "socialaccount_socialapp"; (params ())
ALTER TABLE "new__socialaccount_socialapp" RENAME TO "socialaccount_socialapp"; (params ())
CREATE TABLE "new__socialaccount_socialapp" ("id" integer NOT NULL PRIMARY KEY AUTOINCREMENT, "provider" varchar(30) NOT NULL, "name" varchar(40) NOT NULL, "client_id" varchar(191) NOT NULL, "key" varchar(191) NOT NULL, "secret" varchar(191) NOT NULL); (params None)
INSERT INTO "new__socialaccount_socialapp" ("id", "provider", "name", "client_id", "key", "secret") SELECT "id", "provider", "name", "client_id", "key", "secret" FROM "socialaccount_socialapp"; (params ())
DROP TABLE "socialaccount_socialapp"; (params ())
ALTER TABLE "new__socialaccount_socialapp" RENAME TO "socialaccount_socialapp"; (params ())
CREATE TABLE "new__socialaccount_socialapp" ("id" integer NOT NULL PRIMARY KEY AUTOINCREMENT, "provider" varchar(30) NOT NULL, "name" varchar(40) NOT NULL, "client_id" varchar(191) NOT NULL, "secret" varchar(191) NOT NULL, "key" varchar(191) NOT NULL, "provider_id" varchar(200) NOT NULL); (params None)
INSERT INTO "new__socialaccount_socialapp" ("id", "provider", "name", "client_id", "secret", "key", "provider_id") SELECT "id", "provider", "name", "client_id", "secret", "key", '' FROM "socialaccount_socialapp"; (params ())
DROP TABLE "socialaccount_socialapp"; (params ())
ALTER TABLE "new__socialaccount_socialapp" RENAME TO "socialaccount_socialapp"; (params ())
CREATE TABLE "new__socialaccount_socialapp" ("id" integer NOT NULL PRIMARY KEY AUTOINCREMENT, "provider" varchar(30) NOT NULL, "name" varchar(40) NOT NULL, "client_id" varchar(191) NOT NULL, "secret" varchar(191) NOT NULL, "key" varchar(191) NOT NULL, "provider_id" varchar(200) NOT NULL, "settings" text NOT NULL CHECK ((JSON_VALID("settings") OR "settings" IS NULL))); (params None)
INSERT INTO "new__socialaccount_socialapp" ("id", "provider", "name", "client_id", "secret", "key", "provider_id", "settings") SELECT "id", "provider", "name", "client_id", "secret", "key", "provider_id", '{}' FROM "socialaccount_socialapp"; (params ())
DROP TABLE "socialaccount_socialapp"; (params ())
ALTER TABLE "new__socialaccount_socialapp" RENAME TO "socialaccount_socialapp"; (params ())
CREATE TABLE "new__socialaccount_socialaccount" ("id" integer NOT NULL PRIMARY KEY AUTOINCREMENT, "uid" varchar(191) NOT NULL, "last_login" datetime NOT NULL, "date_joined" datetime NOT NULL, "extra_data" text NOT NULL, "user_id" integer NOT NULL REFERENCES "auth_user" ("id") DEFERRABLE INITIALLY DEFERRED, "provider" varchar(200) NOT NULL); (params None)
INSERT INTO "new__socialaccount_socialaccount" ("id", "uid", "last_login", "date_joined", "extra_data", "user_id", "provider") SELECT "id", "uid", "last_login", "date_joined", "extra_data", "user_id", "provider" FROM "socialaccount_socialaccount"; (params ())
DROP TABLE "socialaccount_socialaccount"; (params ())
ALTER TABLE "new__socialaccount_socialaccount" RENAME TO "socialaccount_socialaccount"; (params ())
CREATE UNIQUE INDEX "socialaccount_socialaccount_provider_uid_fc810c6e_uniq" ON "socialaccount_socialaccount" ("provider", "uid"); (params ())
CREATE INDEX "socialaccount_socialaccount_user_id_8146e70c" ON "socialaccount_socialaccount" ("user_id"); (params ())
CREATE TABLE "new__socialaccount_socialtoken" ("id" integer NOT NULL PRIMARY KEY AUTOINCREMENT, "token" text NOT NULL, "token_secret" text NOT NULL, "expires_at" datetime NULL, "account_id" integer NOT NULL REFERENCES "socialaccount_socialaccount" ("id") DEFERRABLE INITIALLY DEFERRED, "app_id" integer NULL REFERENCES "socialaccount_socialapp" ("id") DEFERRABLE INITIALLY DEFERRED); (params None)
INSERT INTO "new__socialaccount_socialtoken" ("id", "token", "token_secret", "expires_at", "account_id", "app_id") SELECT "id", "token", "token_secret", "expires_at", "account_id", "app_id" FROM "socialaccount_socialtoken"; (params ())
DROP TABLE "socialaccount_socialtoken"; (params ())
ALTER TABLE "new__socialaccount_socialtoken" RENAME TO "socialaccount_socialtoken"; (params ())
CREATE UNIQUE INDEX "socialaccount_socialtoken_app_id_account_id_fca4e0ac_uniq" ON "socialaccount_socialtoken" ("app_id", "account_id"); (params ())
CREATE INDEX "socialaccount_socialtoken_account_id_951f210e" ON "socialaccount_socialtoken" ("account_id"); (params ())
CREATE INDEX "socialaccount_socialtoken_app_id_636a42d7" ON "socialaccount_socialtoken" ("app_id"); (params ())
CREATE TABLE "new__socialaccount_socialaccount" ("id" integer NOT NULL PRIMARY KEY AUTOINCREMENT, "provider" varchar(200) NOT NULL, "uid" varchar(191) NOT NULL, "last_login" datetime NOT NULL, "date_joined" datetime NOT NULL, "user_id" integer NOT NULL REFERENCES "auth_user" ("id") DEFERRABLE INITIALLY DEFERRED, "extra_data" text NOT NULL CHECK ((JSON_VALID("extra_data") OR "extra_data" IS NULL))); (params None)
INSERT INTO "new__socialaccount_socialaccount" ("id", "provider", "uid", "last_login", "date_joined", "user_id", "extra_data") SELECT "id", "provider", "uid", "last_login", "date_joined", "user_id", "extra_data" FROM "socialaccount_socialaccount"; (params ())
DROP TABLE "socialaccount_socialaccount"; (params ())
ALTER TABLE "new__socialaccount_socialaccount" RENAME TO "socialaccount_socialaccount"; (params ())
CREATE UNIQUE INDEX "socialaccount_socialaccount_provider_uid_fc810c6e_uniq" ON "socialaccount_socialaccount" ("provider", "uid"); (params ())
CREATE INDEX "socialaccount_socialaccount_user_id_8146e70c" ON "socialaccount_socialaccount" ("user_id"); (params ())
CREATE TABLE "streamchat_chatgroup" ("id" integer NOT NULL PRIMARY KEY AUTOINCREMENT, "group_name" varchar(100) NOT NULL); (params None)
CREATE TABLE "streamchat_chat" ("id" integer NOT NULL PRIMARY KEY AUTOINCREMENT, "message" text NOT NULL, "timestamp" datetime NOT NULL, "user_id" integer NOT NULL REFERENCES "auth_user" ("id") DEFERRABLE INITIALLY DEFERRED); (params None)
CREATE TABLE "streamchat_groupmember" ("id" integer NOT NULL PRIMARY KEY AUTOINCREMENT, "group_id" bigint NOT NULL REFERENCES "streamchat_chatgroup" ("id") DEFERRABLE INITIALLY DEFERRED, "user_id" integer NOT NULL REFERENCES "auth_user" ("id") DEFERRABLE INITIALLY DEFERRED); (params None)
CREATE TABLE "streamchat_groupmessage" ("id" integer NOT NULL PRIMARY KEY AUTOINCREMENT, "body" text NOT NULL, "created_at" datetime NOT NULL, "author_id" integer NOT NULL REFERENCES "auth_user" ("id") DEFERRABLE INITIALLY DEFERRED, "group_id" bigint NOT NULL REFERENCES "streamchat_chatgroup" ("id") DEFERRABLE INITIALLY DEFERRED); (params None)
CREATE INDEX "streamchat_chat_user_id_a652b43e" ON "streamchat_chat" ("user_id"); (params ())
CREATE INDEX "streamchat_groupmember_group_id_67ce0f53" ON "streamchat_groupmember" ("group_id"); (params ())
CREATE INDEX "streamchat_groupmember_user_id_df41e27d" ON "streamchat_groupmember" ("user_id"); (params ())
CREATE INDEX "streamchat_groupmessage_author_id_10f0f060" ON "streamchat_groupmessage" ("author_id"); (params ())
CREATE INDEX "streamchat_groupmessage_group_id_09d3eca1" ON "streamchat_groupmessage" ("group_id"); (params ())
Killed 0 pending application instances
